<?xml version="1.0" encoding="UTF-8"?>
<testsuite xmlns:xsi="http://www.w3.org/2001/XMLSchema-instance" xsi:noNamespaceSchemaLocation="https://maven.apache.org/surefire/maven-surefire-plugin/xsd/surefire-test-report-3.0.xsd" version="3.0" name="TestSuite" time="7.507" tests="3" errors="0" skipped="2" failures="1">
  <properties>
[...]
</properties>
  <testcase name="setup_test" classname="Home" time="7.503">
    <failure message="session not created: This version of ChromeDriver only supports Chrome version 111&#10;Current browser version is 114.0.5735.134 with binary path C:\Program Files\Google\Chrome\Application\chrome.exe&#10;Build info: version: &apos;3.141.59&apos;, revision: &apos;e82be7d358&apos;, time: &apos;2018-11-14T08:17:03&apos;&#10;System info: host: &apos;IBLAESTARC08477&apos;, ip: &apos;10.228.64.252&apos;, os.name: &apos;Windows 10&apos;, os.arch: &apos;amd64&apos;, os.version: &apos;10.0&apos;, java.version: &apos;20.0.1&apos;&#10;Driver info: driver.version: ChromeDriver&#10;remote stacktrace: Backtrace:&#10;	(No symbol) [0x00F8DCE3]&#10;	(No symbol) [0x00F239D1]&#10;	(No symbol) [0x00E34DA8]&#10;	(No symbol) [0x00E54F6C]&#10;	(No symbol) [0x00E50D11]&#10;	(No symbol) [0x00E4ED19]&#10;	(No symbol) [0x00E815AE]&#10;	(No symbol) [0x00E8129C]&#10;	(No symbol) [0x00E7ACC6]&#10;	(No symbol) [0x00E56F68]&#10;	(No symbol) [0x00E580CD]&#10;	GetHandleVerifier [0x01203832+2506274]&#10;	GetHandleVerifier [0x01239794+2727300]&#10;	GetHandleVerifier [0x0123E36C+2746716]&#10;	GetHandleVerifier [0x01036690+617600]&#10;	(No symbol) [0x00F2C712]&#10;	(No symbol) [0x00F31FF8]&#10;	(No symbol) [0x00F320DB]&#10;	(No symbol) [0x00F3C63B]&#10;	BaseThreadInitThunk [0x756400C9+25]&#10;	RtlGetAppContainerNamedObjectPath [0x771B7B4E+286]&#10;	RtlGetAppContainerNamedObjectPath [0x771B7B1E+238]&#10;" type="org.openqa.selenium.SessionNotCreatedException"><![CDATA[org.openqa.selenium.SessionNotCreatedException: 
session not created: This version of ChromeDriver only supports Chrome version 111
Current browser version is 114.0.5735.134 with binary path C:\Program Files\Google\Chrome\Application\chrome.exe
Build info: version: '3.141.59', revision: 'e82be7d358', time: '2018-11-14T08:17:03'
System info: host: 'IBLAESTARC08477', ip: '10.228.64.252', os.name: 'Windows 10', os.arch: 'amd64', os.version: '10.0', java.version: '20.0.1'
Driver info: driver.version: ChromeDriver
remote stacktrace: Backtrace:
	(No symbol) [0x00F8DCE3]
	(No symbol) [0x00F239D1]
	(No symbol) [0x00E34DA8]
	(No symbol) [0x00E54F6C]
	(No symbol) [0x00E50D11]
	(No symbol) [0x00E4ED19]
	(No symbol) [0x00E815AE]
	(No symbol) [0x00E8129C]
	(No symbol) [0x00E7ACC6]
	(No symbol) [0x00E56F68]
	(No symbol) [0x00E580CD]
	GetHandleVerifier [0x01203832+2506274]
	GetHandleVerifier [0x01239794+2727300]
	GetHandleVerifier [0x0123E36C+2746716]
	GetHandleVerifier [0x01036690+617600]
	(No symbol) [0x00F2C712]
	(No symbol) [0x00F31FF8]
	(No symbol) [0x00F320DB]
	(No symbol) [0x00F3C63B]
	BaseThreadInitThunk [0x756400C9+25]
	RtlGetAppContainerNamedObjectPath [0x771B7B4E+286]
	RtlGetAppContainerNamedObjectPath [0x771B7B1E+238]

	at Home.setup_test(Home.java:32)
]]></failure>
    <system-err><![CDATA[Starting ChromeDriver 111.0.5563.64 (c710e93d5b63b7095afe8c2c17df34408078439d-refs/branch-heads/5563@{#995}) on port 34102
Only local connections are allowed.
Please see https://chromedriver.chromium.org/security-considerations for suggestions on keeping ChromeDriver safe.
ChromeDriver was started successfully.
]]></system-err>
  </testcase>
  <testcase name="TQA_Home_001" classname="Home" time="0">
    <skipped message="session not created: This version of ChromeDriver only supports Chrome version 111&#10;Current browser version is 114.0.5735.134 with binary path C:\Program Files\Google\Chrome\Application\chrome.exe&#10;Build info: version: &apos;3.141.59&apos;, revision: &apos;e82be7d358&apos;, time: &apos;2018-11-14T08:17:03&apos;&#10;System info: host: &apos;IBLAESTARC08477&apos;, ip: &apos;10.228.64.252&apos;, os.name: &apos;Windows 10&apos;, os.arch: &apos;amd64&apos;, os.version: &apos;10.0&apos;, java.version: &apos;20.0.1&apos;&#10;Driver info: driver.version: ChromeDriver&#10;remote stacktrace: Backtrace:&#10;	(No symbol) [0x00F8DCE3]&#10;	(No symbol) [0x00F239D1]&#10;	(No symbol) [0x00E34DA8]&#10;	(No symbol) [0x00E54F6C]&#10;	(No symbol) [0x00E50D11]&#10;	(No symbol) [0x00E4ED19]&#10;	(No symbol) [0x00E815AE]&#10;	(No symbol) [0x00E8129C]&#10;	(No symbol) [0x00E7ACC6]&#10;	(No symbol) [0x00E56F68]&#10;	(No symbol) [0x00E580CD]&#10;	GetHandleVerifier [0x01203832+2506274]&#10;	GetHandleVerifier [0x01239794+2727300]&#10;	GetHandleVerifier [0x0123E36C+2746716]&#10;	GetHandleVerifier [0x01036690+617600]&#10;	(No symbol) [0x00F2C712]&#10;	(No symbol) [0x00F31FF8]&#10;	(No symbol) [0x00F320DB]&#10;	(No symbol) [0x00F3C63B]&#10;	BaseThreadInitThunk [0x756400C9+25]&#10;	RtlGetAppContainerNamedObjectPath [0x771B7B4E+286]&#10;	RtlGetAppContainerNamedObjectPath [0x771B7B1E+238]&#10;"/>
  </testcase>
  <testcase name="breakup_test" classname="Home" time="0">
    <skipped/>
  </testcase>
</testsuite>